[debug] [2023-08-23T10:11:46.398Z] ----------------------------------------------------------------------
[debug] [2023-08-23T10:11:46.402Z] Command:       C:\Program Files\nodejs\node.exe C:\Users\F3lOh\AppData\Roaming\npm\node_modules\firebase-tools\lib\bin\firebase.js init
[debug] [2023-08-23T10:11:46.403Z] CLI Version:   12.4.8
[debug] [2023-08-23T10:11:46.403Z] Platform:      win32
[debug] [2023-08-23T10:11:46.403Z] Node Version:  v19.6.1
[debug] [2023-08-23T10:11:46.404Z] Time:          Wed Aug 23 2023 13:11:46 GMT+0300 (East Africa Time)
[debug] [2023-08-23T10:11:46.404Z] ----------------------------------------------------------------------
[debug] 
[debug] [2023-08-23T10:11:46.417Z] > command requires scopes: ["email","openid","https://www.googleapis.com/auth/cloudplatformprojects.readonly","https://www.googleapis.com/auth/firebase","https://www.googleapis.com/auth/cloud-platform"]
[debug] [2023-08-23T10:11:46.417Z] > authorizing via signed-in user (devopnthw@gmail.com)
[info] 
     ######## #### ########  ######## ########     ###     ######  ########
     ##        ##  ##     ## ##       ##     ##  ##   ##  ##       ##
     ######    ##  ########  ######   ########  #########  ######  ######
     ##        ##  ##    ##  ##       ##     ## ##     ##       ## ##
     ##       #### ##     ## ######## ########  ##     ##  ######  ########

You're about to initialize a Firebase project in this directory:

  C:\Users\F3lOh\Desktop\Projects\reactProjects\firebase-project

[info] 
=== Project Setup
[info] 
[info] First, let's associate this project directory with a Firebase project.
[info] You can create multiple project aliases by running firebase use --add, 
[info] but for now we'll just set up a default project.
[info] 
[debug] [2023-08-23T10:12:35.594Z] > refreshing access token with scopes: []
[debug] [2023-08-23T10:12:35.599Z] >>> [apiv2][query] POST https://www.googleapis.com/oauth2/v3/token [none]
[debug] [2023-08-23T10:12:35.599Z] >>> [apiv2][body] POST https://www.googleapis.com/oauth2/v3/token [omitted]
[debug] [2023-08-23T10:12:36.047Z] <<< [apiv2][status] POST https://www.googleapis.com/oauth2/v3/token 200
[debug] [2023-08-23T10:12:36.047Z] <<< [apiv2][body] POST https://www.googleapis.com/oauth2/v3/token [omitted]
[debug] [2023-08-23T10:12:36.091Z] >>> [apiv2][query] GET https://firebase.googleapis.com/v1beta1/projects pageSize=100
[debug] [2023-08-23T10:12:36.852Z] <<< [apiv2][status] GET https://firebase.googleapis.com/v1beta1/projects 200
[debug] [2023-08-23T10:12:36.852Z] <<< [apiv2][body] GET https://firebase.googleapis.com/v1beta1/projects [omitted]
[info] i  Using project fir-project-8b34c (Firebase-project) 
[info] 
=== Hosting Setup
[info] 
[info] Your public directory is the folder (relative to your project directory) that
[info] will contain Hosting assets to be uploaded with firebase deploy. If you
[info] have a build process for your assets, use your build's output directory.
[info] 
[info] +  Wrote public/404.html 
[debug] [2023-08-23T10:14:00.742Z] >>> [apiv2][query] GET https://www.gstatic.com/firebasejs/releases.json [none]
[debug] [2023-08-23T10:14:01.931Z] <<< [apiv2][status] GET https://www.gstatic.com/firebasejs/releases.json 200
[debug] [2023-08-23T10:14:01.931Z] <<< [apiv2][body] GET https://www.gstatic.com/firebasejs/releases.json {"current":{"version":"10.3.0","browserURL":"https://www.gstatic.com/firebasejs/10.3.0/firebase.js","packageURL":"https://www.gstatic.com/firebasejs/10.3.0/firebase.tgz"},"live":{"version":"10.3","browserURL":"https://www.gstatic.com/firebasejs/live/10.3/firebase.js","packageURL":"https://www.gstatic.com/firebasejs/live/10.3/firebase.tgz"},"components":{"analytics":"https://www.gstatic.com/firebasejs/10.3.0/firebase-analytics.js","app":"https://www.gstatic.com/firebasejs/10.3.0/firebase-app.js","app-check":"https://www.gstatic.com/firebasejs/10.3.0/firebase-app-check.js","auth":"https://www.gstatic.com/firebasejs/10.3.0/firebase-auth.js","auth/cordova":"https://www.gstatic.com/firebasejs/10.3.0/firebase-auth/cordova.js","functions":"https://www.gstatic.com/firebasejs/10.3.0/firebase-functions.js","firestore":"https://www.gstatic.com/firebasejs/10.3.0/firebase-firestore.js","firestore/lite":"https://www.gstatic.com/firebasejs/10.3.0/firebase-firestore/lite.js","installations":"https://www.gstatic.com/firebasejs/10.3.0/firebase-installations.js","storage":"https://www.gstatic.com/firebasejs/10.3.0/firebase-storage.js","performance":"https://www.gstatic.com/firebasejs/10.3.0/firebase-performance.js","remote-config":"https://www.gstatic.com/firebasejs/10.3.0/firebase-remote-config.js","messaging":"https://www.gstatic.com/firebasejs/10.3.0/firebase-messaging.js","messaging/sw":"https://www.gstatic.com/firebasejs/10.3.0/firebase-messaging/sw.js","database":"https://www.gstatic.com/firebasejs/10.3.0/firebase-database.js","firestore.memory":"https://www.gstatic.com/firebasejs/10.3.0/firebase-firestore.memory.js"}}
[info] i  Skipping write of public/index.html 
[info] 
[info] i  Detected a .git folder at C:\Users\F3lOh\Desktop\Projects\reactProjects\firebase-project 
[info] i  Authorizing with GitHub to upload your service account to a GitHub repository's secrets store. 
[info] 
[info] Visit this URL on this device to log in:
[info] https://github.com/login/oauth/authorize?client_id=89cf50f02ac6aaed3484&state=392841730&redirect_uri=http%3A%2F%2Flocalhost%3A9005&scope=read%3Auser%20repo%20public_repo
[info] 
[info] Waiting for authentication...
[debug] [2023-08-23T10:14:07.166Z] >>> [apiv2][query] POST https://github.com/login/oauth/access_token [none]
[debug] [2023-08-23T10:14:07.167Z] >>> [apiv2][body] POST https://github.com/login/oauth/access_token [stream]
[debug] [2023-08-23T10:14:07.826Z] <<< [apiv2][status] POST https://github.com/login/oauth/access_token 200
[debug] [2023-08-23T10:14:07.827Z] <<< [apiv2][body] POST https://github.com/login/oauth/access_token {"access_token":"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","token_type":"bearer","scope":"read:user,repo"}
[debug] [2023-08-23T10:14:07.885Z] >>> [apiv2][query] GET https://api.github.com/user [none]
[debug] [2023-08-23T10:14:08.522Z] <<< [apiv2][status] GET https://api.github.com/user 200
[debug] [2023-08-23T10:14:08.522Z] <<< [apiv2][body] GET https://api.github.com/user {"login":"DevOpF3loH","id":126726529,"node_id":"U_kgDOB42xgQ","avatar_url":"https://avatars.githubusercontent.com/u/126726529?v=4","gravatar_id":"","url":"https://api.github.com/users/DevOpF3loH","html_url":"https://github.com/DevOpF3loH","followers_url":"https://api.github.com/users/DevOpF3loH/followers","following_url":"https://api.github.com/users/DevOpF3loH/following{/other_user}","gists_url":"https://api.github.com/users/DevOpF3loH/gists{/gist_id}","starred_url":"https://api.github.com/users/DevOpF3loH/starred{/owner}{/repo}","subscriptions_url":"https://api.github.com/users/DevOpF3loH/subscriptions","organizations_url":"https://api.github.com/users/DevOpF3loH/orgs","repos_url":"https://api.github.com/users/DevOpF3loH/repos","events_url":"https://api.github.com/users/DevOpF3loH/events{/privacy}","received_events_url":"https://api.github.com/users/DevOpF3loH/received_events","type":"User","site_admin":false,"name":"F3lOh","company":null,"blog":"","location":null,"email":null,"hireable":null,"bio":"I am a highly reliable, professional and competent developer with a rich skill set in web design,\r\ndevelopment and maintenance.","twitter_username":null,"public_repos":16,"public_gists":0,"followers":0,"following":1,"created_at":"2023-03-01T22:12:23Z","updated_at":"2023-08-08T20:32:23Z","private_gists":0,"total_private_repos":0,"owned_private_repos":0,"disk_usage":89540,"collaborators":0,"two_factor_authentication":false,"plan":{"name":"free","space":976562499,"collaborators":0,"private_repos":10000}}
[info] 
[info] +  Success! Logged into GitHub as DevOpF3loH 
[info] 
